
> minter-tauri@0.1.0 build
> next build

   ▲ Next.js 14.1.0
   - Environments: .env

   Linting and checking validity of types ...
   Creating an optimized production build ...
 ✓ Compiled successfully
   Collecting page data ...
   Generating static pages (0/4) ...
   Generating static pages (1/4) 
   Generating static pages (2/4) 
bike crystal argue project bachelor upset rubber tomato ship cannon yellow faint
Wallet from wallet-componet: undefined
   Generating static pages (3/4) 
 ✓ Generating static pages (4/4) 
   Finalizing page optimization ...
   Collecting build traces ...

Route (pages)                              Size     First Load JS
┌ ○ / (315 ms)                             3.53 kB         378 kB
├   /_app                                  0 B             235 kB
├ ○ /404                                   181 B           236 kB
└ ○ /createToken (369 ms)                  4.71 kB         379 kB
+ First Load JS shared by all              235 kB
  ├ chunks/framework-e7594c6edddb13df.js   45.2 kB
  ├ chunks/main-742ec03bc8ca160a.js        31.9 kB
  ├ chunks/pages/_app-83266321749e58bf.js  156 kB
  └ other shared chunks (total)            1.93 kB

○  (Static)  prerendered as static content

